# JRE version: OpenJDK Runtime Environment (15.0.2+7) (build 15.0.2+7-27)
# Java VM: OpenJDK 64-Bit Server VM (15.0.2+7-27, mixed mode, tiered, compressed oops, g1 gc, windows-amd64)
GC Precious Log:
 CPUs: 8 total, 8 available
 Memory: 8000M
 Large Page Support: Disabled
 NUMA Support: Disabled
 Compressed Oops: Enabled (32-bit)
 Heap Region Size: 1M
 Heap Min Capacity: 8M
 Heap Initial Capacity: 126M
 Heap Max Capacity: 2002M
 Pre-touch: Disabled
 Parallel Workers: 8
 Concurrent Workers: 2
 Concurrent Refinement Workers: 8
 Periodic GC: Disabled
Heap:
 garbage-first heap   total 70656K, used 21771K [0x0000000082e00000, 0x0000000100000000)
  region size 1024K, 3 young (3072K), 3 survivors (3072K)
 Metaspace       used 57191K, capacity 57596K, committed 57776K, reserved 1099776K
  class space    used 6955K, capacity 7091K, committed 7168K, reserved 1048576K
GC Heap History (20 events):
Event: 0.929 GC heap after
{Heap after GC invocations=5 (full 0):
 garbage-first heap   total 37888K, used 9735K [0x0000000082e00000, 0x0000000100000000)
  region size 1024K, 2 young (2048K), 2 survivors (2048K)
 Metaspace       used 25546K, capacity 25801K, committed 26032K, reserved 1073152K
  class space    used 2865K, capacity 2984K, committed 3072K, reserved 1048576K
}
Event: 0.977 GC heap before
{Heap before GC invocations=5 (full 0):
 garbage-first heap   total 37888K, used 26119K [0x0000000082e00000, 0x0000000100000000)
  region size 1024K, 19 young (19456K), 2 survivors (2048K)
 Metaspace       used 27366K, capacity 27690K, committed 27952K, reserved 1075200K
  class space    used 3061K, capacity 3182K, committed 3200K, reserved 1048576K
}
Event: 0.979 GC heap after
{Heap after GC invocations=6 (full 0):
 garbage-first heap   total 37888K, used 10039K [0x0000000082e00000, 0x0000000100000000)
  region size 1024K, 2 young (2048K), 2 survivors (2048K)
 Metaspace       used 27366K, capacity 27690K, committed 27952K, reserved 1075200K
  class space    used 3061K, capacity 3182K, committed 3200K, reserved 1048576K
}
Event: 1.141 GC heap before
{Heap before GC invocations=6 (full 0):
 garbage-first heap   total 37888K, used 27447K [0x0000000082e00000, 0x0000000100000000)
  region size 1024K, 19 young (19456K), 2 survivors (2048K)
 Metaspace       used 29344K, capacity 29715K, committed 30000K, reserved 1075200K
  class space    used 3255K, capacity 3389K, committed 3456K, reserved 1048576K
}
Event: 1.145 GC heap after
{Heap after GC invocations=7 (full 0):
 garbage-first heap   total 46080K, used 11479K [0x0000000082e00000, 0x0000000100000000)
  region size 1024K, 3 young (3072K), 3 survivors (3072K)
 Metaspace       used 29344K, capacity 29715K, committed 30000K, reserved 1075200K
  class space    used 3255K, capacity 3389K, committed 3456K, reserved 1048576K
}
Event: 1.450 GC heap before
{Heap before GC invocations=7 (full 0):
 garbage-first heap   total 46080K, used 31959K [0x0000000082e00000, 0x0000000100000000)
  region size 1024K, 24 young (24576K), 3 survivors (3072K)
 Metaspace       used 32000K, capacity 32374K, committed 32688K, reserved 1079296K
  class space    used 3621K, capacity 3755K, committed 3840K, reserved 1048576K
}
Event: 1.456 GC heap after
{Heap after GC invocations=8 (full 0):
 garbage-first heap   total 46080K, used 13079K [0x0000000082e00000, 0x0000000100000000)
  region size 1024K, 3 young (3072K), 3 survivors (3072K)
 Metaspace       used 32000K, capacity 32374K, committed 32688K, reserved 1079296K
  class space    used 3621K, capacity 3755K, committed 3840K, reserved 1048576K
}
Event: 1.805 GC heap before
{Heap before GC invocations=8 (full 0):
 garbage-first heap   total 46080K, used 34583K [0x0000000082e00000, 0x0000000100000000)
  region size 1024K, 24 young (24576K), 3 survivors (3072K)
 Metaspace       used 35139K, capacity 35534K, committed 35888K, reserved 1081344K
  class space    used 3971K, capacity 4118K, committed 4224K, reserved 1048576K
}
Event: 1.812 GC heap after
{Heap after GC invocations=9 (full 0):
 garbage-first heap   total 46080K, used 14930K [0x0000000082e00000, 0x0000000100000000)
  region size 1024K, 2 young (2048K), 2 survivors (2048K)
 Metaspace       used 35139K, capacity 35534K, committed 35888K, reserved 1081344K
  class space    used 3971K, capacity 4118K, committed 4224K, reserved 1048576K
}
Event: 1.852 GC heap before
{Heap before GC invocations=9 (full 0):
 garbage-first heap   total 46080K, used 16978K [0x0000000082e00000, 0x0000000100000000)
  region size 1024K, 5 young (5120K), 2 survivors (2048K)
 Metaspace       used 35462K, capacity 35805K, committed 35888K, reserved 1081344K
  class space    used 4032K, capacity 4187K, committed 4224K, reserved 1048576K
}
Event: 1.857 GC heap after
{Heap after GC invocations=10 (full 0):
 garbage-first heap   total 46080K, used 15461K [0x0000000082e00000, 0x0000000100000000)
  region size 1024K, 1 young (1024K), 1 survivors (1024K)
 Metaspace       used 35462K, capacity 35805K, committed 35888K, reserved 1081344K
  class space    used 4032K, capacity 4187K, committed 4224K, reserved 1048576K
}
Event: 2.143 GC heap before
{Heap before GC invocations=11 (full 0):
 garbage-first heap   total 46080K, used 34917K [0x0000000082e00000, 0x0000000100000000)
  region size 1024K, 20 young (20480K), 1 survivors (1024K)
 Metaspace       used 38472K, capacity 38934K, committed 39088K, reserved 1083392K
  class space    used 4344K, capacity 4481K, committed 4608K, reserved 1048576K
}
Event: 2.148 GC heap after
{Heap after GC invocations=12 (full 0):
 garbage-first heap   total 58368K, used 16971K [0x0000000082e00000, 0x0000000100000000)
  region size 1024K, 2 young (2048K), 2 survivors (2048K)
 Metaspace       used 38472K, capacity 38934K, committed 39088K, reserved 1083392K
  class space    used 4344K, capacity 4481K, committed 4608K, reserved 1048576K
}
Event: 2.157 GC heap before
{Heap before GC invocations=12 (full 0):
 garbage-first heap   total 58368K, used 43595K [0x0000000082e00000, 0x0000000100000000)
  region size 1024K, 29 young (29696K), 2 survivors (2048K)
 Metaspace       used 38476K, capacity 38934K, committed 39088K, reserved 1083392K
  class space    used 4344K, capacity 4481K, committed 4608K, reserved 1048576K
}
Event: 2.160 GC heap after
{Heap after GC invocations=13 (full 0):
 garbage-first heap   total 58368K, used 17108K [0x0000000082e00000, 0x0000000100000000)
  region size 1024K, 2 young (2048K), 2 survivors (2048K)
 Metaspace       used 38476K, capacity 38934K, committed 39088K, reserved 1083392K
  class space    used 4344K, capacity 4481K, committed 4608K, reserved 1048576K
}
Event: 2.483 GC heap before
{Heap before GC invocations=13 (full 0):
 garbage-first heap   total 58368K, used 44756K [0x0000000082e00000, 0x0000000100000000)
  region size 1024K, 30 young (30720K), 2 survivors (2048K)
 Metaspace       used 43451K, capacity 43863K, committed 44080K, reserved 1089536K
  class space    used 4859K, capacity 4971K, committed 4992K, reserved 1048576K
}
Event: 2.486 GC heap after
{Heap after GC invocations=14 (full 0):
 garbage-first heap   total 58368K, used 18800K [0x0000000082e00000, 0x0000000100000000)
  region size 1024K, 4 young (4096K), 4 survivors (4096K)
 Metaspace       used 43451K, capacity 43863K, committed 44080K, reserved 1089536K
  class space    used 4859K, capacity 4971K, committed 4992K, reserved 1048576K
}
Event: 2.948 GC heap before
{Heap before GC invocations=14 (full 0):
 garbage-first heap   total 58368K, used 46448K [0x0000000082e00000, 0x0000000100000000)
  region size 1024K, 31 young (31744K), 4 survivors (4096K)
 Metaspace       used 50829K, capacity 51271K, committed 51504K, reserved 1095680K
  class space    used 6004K, capacity 6158K, committed 6272K, reserved 1048576K
}
Event: 2.952 GC heap after
{Heap after GC invocations=15 (full 0):
 garbage-first heap   total 58368K, used 20528K [0x0000000082e00000, 0x0000000100000000)
  region size 1024K, 4 young (4096K), 4 survivors (4096K)
 Metaspace       used 50829K, capacity 51271K, committed 51504K, reserved 1095680K
  class space    used 6004K, capacity 6158K, committed 6272K, reserved 1048576K
}
Event: 3.358 GC heap before
{Heap before GC invocations=15 (full 0):
 garbage-first heap   total 58368K, used 45104K [0x0000000082e00000, 0x0000000100000000)
  region size 1024K, 29 young (29696K), 4 survivors (4096K)
 Metaspace       used 57191K, capacity 57596K, committed 57776K, reserved 1099776K
  class space    used 6955K, capacity 7091K, committed 7168K, reserved 1048576K
}

